2023-09-27 15:45:51,654:WARNING:c:\Users\User\anaconda3\envs\base2\lib\site-packages\numba\core\decorators.py:262: NumbaDeprecationWarning: [1mnumba.generated_jit is deprecated. Please see the documentation at: https://numba.readthedocs.io/en/stable/reference/deprecation.html#deprecation-of-generated-jit for more information and advice on a suitable replacement.[0m
  warnings.warn(msg, NumbaDeprecationWarning)

2023-09-27 15:45:51,686:WARNING:c:\Users\User\anaconda3\envs\base2\lib\site-packages\visions\backends\shared\nan_handling.py:51: NumbaDeprecationWarning: [1mThe 'nopython' keyword argument was not supplied to the 'numba.jit' decorator. The implicit default value for this argument is currently False, but it will be changed to True in Numba 0.59.0. See https://numba.readthedocs.io/en/stable/reference/deprecation.html#deprecation-of-object-mode-fall-back-behaviour-when-using-jit for details.[0m
  def hasna(x: np.ndarray) -> bool:

2023-09-27 15:45:53,303:WARNING:C:\Users\User\AppData\Local\Temp\ipykernel_3420\1139777402.py:14: DeprecationWarning: `import pandas_profiling` is going to be deprecated by April 1st. Please use `import ydata_profiling` instead.
  import pandas_profiling as pp

2023-09-27 16:13:32,546:WARNING:c:\Users\User\anaconda3\envs\base2\lib\site-packages\sklearn\preprocessing\_encoders.py:868: FutureWarning: `sparse` was renamed to `sparse_output` in version 1.2 and will be removed in 1.4. `sparse_output` is ignored unless you leave `sparse` to its default value.
  warnings.warn(

2023-09-27 16:13:46,096:WARNING:c:\Users\User\anaconda3\envs\base2\lib\site-packages\sklearn\neural_network\_multilayer_perceptron.py:686: ConvergenceWarning: Stochastic Optimizer: Maximum iterations (200) reached and the optimization hasn't converged yet.
  warnings.warn(

2023-09-27 16:13:46,559:WARNING:c:\Users\User\anaconda3\envs\base2\lib\site-packages\sklearn\neural_network\_multilayer_perceptron.py:541: ConvergenceWarning: lbfgs failed to converge (status=1):
STOP: TOTAL NO. of ITERATIONS REACHED LIMIT.

Increase the number of iterations (max_iter) or scale the data as shown in:
    https://scikit-learn.org/stable/modules/preprocessing.html
  self.n_iter_ = _check_optimize_result("lbfgs", opt_res, self.max_iter)

2023-09-29 09:36:10,634:WARNING:c:\Users\User\anaconda3\envs\base2\lib\site-packages\numba\core\decorators.py:262: NumbaDeprecationWarning: [1mnumba.generated_jit is deprecated. Please see the documentation at: https://numba.readthedocs.io/en/stable/reference/deprecation.html#deprecation-of-generated-jit for more information and advice on a suitable replacement.[0m
  warnings.warn(msg, NumbaDeprecationWarning)

2023-09-29 09:36:10,678:WARNING:c:\Users\User\anaconda3\envs\base2\lib\site-packages\visions\backends\shared\nan_handling.py:51: NumbaDeprecationWarning: [1mThe 'nopython' keyword argument was not supplied to the 'numba.jit' decorator. The implicit default value for this argument is currently False, but it will be changed to True in Numba 0.59.0. See https://numba.readthedocs.io/en/stable/reference/deprecation.html#deprecation-of-object-mode-fall-back-behaviour-when-using-jit for details.[0m
  def hasna(x: np.ndarray) -> bool:

2023-09-29 09:36:11,771:WARNING:C:\Users\User\AppData\Local\Temp\ipykernel_4408\1139777402.py:14: DeprecationWarning: `import pandas_profiling` is going to be deprecated by April 1st. Please use `import ydata_profiling` instead.
  import pandas_profiling as pp

2023-09-29 09:38:00,747:WARNING:c:\Users\User\anaconda3\envs\base2\lib\site-packages\sklearn\preprocessing\_encoders.py:868: FutureWarning: `sparse` was renamed to `sparse_output` in version 1.2 and will be removed in 1.4. `sparse_output` is ignored unless you leave `sparse` to its default value.
  warnings.warn(

2023-09-29 09:38:09,273:WARNING:c:\Users\User\anaconda3\envs\base2\lib\site-packages\sklearn\neural_network\_multilayer_perceptron.py:686: ConvergenceWarning: Stochastic Optimizer: Maximum iterations (200) reached and the optimization hasn't converged yet.
  warnings.warn(

2023-09-29 09:38:09,834:WARNING:c:\Users\User\anaconda3\envs\base2\lib\site-packages\sklearn\neural_network\_multilayer_perceptron.py:541: ConvergenceWarning: lbfgs failed to converge (status=1):
STOP: TOTAL NO. of ITERATIONS REACHED LIMIT.

Increase the number of iterations (max_iter) or scale the data as shown in:
    https://scikit-learn.org/stable/modules/preprocessing.html
  self.n_iter_ = _check_optimize_result("lbfgs", opt_res, self.max_iter)

2023-09-29 09:38:34,437:WARNING:c:\Users\User\anaconda3\envs\base2\lib\site-packages\sklearn\neural_network\_multilayer_perceptron.py:686: ConvergenceWarning: Stochastic Optimizer: Maximum iterations (200) reached and the optimization hasn't converged yet.
  warnings.warn(

2023-09-29 09:38:34,991:WARNING:c:\Users\User\anaconda3\envs\base2\lib\site-packages\sklearn\neural_network\_multilayer_perceptron.py:541: ConvergenceWarning: lbfgs failed to converge (status=1):
STOP: TOTAL NO. of ITERATIONS REACHED LIMIT.

Increase the number of iterations (max_iter) or scale the data as shown in:
    https://scikit-learn.org/stable/modules/preprocessing.html
  self.n_iter_ = _check_optimize_result("lbfgs", opt_res, self.max_iter)

2023-09-29 09:38:44,633:WARNING:c:\Users\User\anaconda3\envs\base2\lib\site-packages\sklearn\neural_network\_multilayer_perceptron.py:686: ConvergenceWarning: Stochastic Optimizer: Maximum iterations (200) reached and the optimization hasn't converged yet.
  warnings.warn(

2023-09-29 09:38:45,177:WARNING:c:\Users\User\anaconda3\envs\base2\lib\site-packages\sklearn\neural_network\_multilayer_perceptron.py:541: ConvergenceWarning: lbfgs failed to converge (status=1):
STOP: TOTAL NO. of ITERATIONS REACHED LIMIT.

Increase the number of iterations (max_iter) or scale the data as shown in:
    https://scikit-learn.org/stable/modules/preprocessing.html
  self.n_iter_ = _check_optimize_result("lbfgs", opt_res, self.max_iter)

2023-09-29 09:38:58,074:WARNING:c:\Users\User\anaconda3\envs\base2\lib\site-packages\sklearn\neural_network\_multilayer_perceptron.py:686: ConvergenceWarning: Stochastic Optimizer: Maximum iterations (200) reached and the optimization hasn't converged yet.
  warnings.warn(

2023-09-29 09:38:58,630:WARNING:c:\Users\User\anaconda3\envs\base2\lib\site-packages\sklearn\neural_network\_multilayer_perceptron.py:541: ConvergenceWarning: lbfgs failed to converge (status=1):
STOP: TOTAL NO. of ITERATIONS REACHED LIMIT.

Increase the number of iterations (max_iter) or scale the data as shown in:
    https://scikit-learn.org/stable/modules/preprocessing.html
  self.n_iter_ = _check_optimize_result("lbfgs", opt_res, self.max_iter)

2023-09-29 09:39:10,486:WARNING:c:\Users\User\anaconda3\envs\base2\lib\site-packages\sklearn\neural_network\_multilayer_perceptron.py:686: ConvergenceWarning: Stochastic Optimizer: Maximum iterations (200) reached and the optimization hasn't converged yet.
  warnings.warn(

2023-09-29 09:39:11,043:WARNING:c:\Users\User\anaconda3\envs\base2\lib\site-packages\sklearn\neural_network\_multilayer_perceptron.py:541: ConvergenceWarning: lbfgs failed to converge (status=1):
STOP: TOTAL NO. of ITERATIONS REACHED LIMIT.

Increase the number of iterations (max_iter) or scale the data as shown in:
    https://scikit-learn.org/stable/modules/preprocessing.html
  self.n_iter_ = _check_optimize_result("lbfgs", opt_res, self.max_iter)

2023-09-29 09:40:47,308:WARNING:c:\Users\User\anaconda3\envs\base2\lib\site-packages\sklearn\neural_network\_multilayer_perceptron.py:686: ConvergenceWarning: Stochastic Optimizer: Maximum iterations (200) reached and the optimization hasn't converged yet.
  warnings.warn(

2023-09-29 09:40:47,888:WARNING:c:\Users\User\anaconda3\envs\base2\lib\site-packages\sklearn\neural_network\_multilayer_perceptron.py:541: ConvergenceWarning: lbfgs failed to converge (status=1):
STOP: TOTAL NO. of ITERATIONS REACHED LIMIT.

Increase the number of iterations (max_iter) or scale the data as shown in:
    https://scikit-learn.org/stable/modules/preprocessing.html
  self.n_iter_ = _check_optimize_result("lbfgs", opt_res, self.max_iter)

